<?xml version="1.0" encoding="UTF-8"?>
<testng-results skipped="0" failed="0" ignored="0" total="1" passed="1">
  <reporter-output>
  </reporter-output>
  <suite name="Default suite" duration-ms="10674" started-at="2019-10-12T10:04:16Z" finished-at="2019-10-12T10:04:27Z">
    <groups>
    </groups>
    <test name="Default test" duration-ms="10674" started-at="2019-10-12T10:04:16Z" finished-at="2019-10-12T10:04:27Z">
      <class name="acme.BlueLogin">
        <test-method status="PASS" signature="searchVendor()[pri:0, instance:acme.BlueLogin@1ef45e3]" name="searchVendor" duration-ms="10611" started-at="2019-10-12T10:04:16Z" finished-at="2019-10-12T10:04:27Z">
          <reporter-output>
          </reporter-output>
        </test-method> <!-- searchVendor -->
      </class> <!-- acme.BlueLogin -->
    </test> <!-- Default test -->
  </suite> <!-- Default suite -->
</testng-results>
